<?xml version="1.0" encoding="UTF-8"?>
<!-- Generated by org.testng.reporters.JUnitXMLReporter -->
<testsuite hostname="BobITs-Mac-mini.fios-router.home" ignored="0" name="Default test" tests="3" failures="0" timestamp="2020-10-06T08:12:19 EDT" time="28.137" errors="0">
  <testcase name="addEmployeeTest" time="4.328" classname="com.qa.orangehrm.tests.AddEmployeeTest"/>
  <testcase name="addEmployeeTest" time="4.268" classname="com.qa.orangehrm.tests.AddEmployeeTest"/>
  <testcase name="addEmployeeTest" time="4.902" classname="com.qa.orangehrm.tests.AddEmployeeTest"/>
</testsuite> <!-- Default test -->
