<?xml version="1.0" encoding="UTF-8"?>
<!-- Generated by org.testng.reporters.JUnitXMLReporter -->
<testsuite hostname="BobITs-Mac-mini.fios-router.home" ignored="0" name="Default test" tests="3" failures="0" timestamp="2020-10-13T13:26:59 EDT" time="37.287" errors="0">
  <testcase name="addEmployeeTest" time="6.575" classname="com.qa.orangehrm.tests.AddEmployeeTest"/>
  <testcase name="addEmployeeTest" time="6.366" classname="com.qa.orangehrm.tests.AddEmployeeTest"/>
  <testcase name="addEmployeeTest" time="6.253" classname="com.qa.orangehrm.tests.AddEmployeeTest"/>
</testsuite> <!-- Default test -->
