<?xml version="1.0" encoding="UTF-8"?>
<!-- Generated by org.testng.reporters.JUnitXMLReporter -->
<testsuite hostname="BobITs-Mac-mini.fios-router.home" ignored="0" name="Test" tests="7" failures="0" timestamp="2020-10-05T21:55:15 EDT" time="17.013" errors="0">
  <testcase name="verifyLoginPageTitleTest" time="0.007" classname="com.qa.orangehrm.tests.LoginPageTest"/>
  <testcase name="verifySignUpLink" time="0.036" classname="com.qa.orangehrm.tests.LoginPageTest"/>
  <testcase name="loginTest" time="1.156" classname="com.qa.orangehrm.tests.LoginPageTest"/>
  <testcase name="verifyHomePageTitle" time="0.004" classname="com.qa.orangehrm.tests.HomePageTest"/>
  <testcase name="verifyHomePageHeader" time="0.016" classname="com.qa.orangehrm.tests.HomePageTest"/>
  <testcase name="verifyLoggedInUserTest" time="0.016" classname="com.qa.orangehrm.tests.HomePageTest"/>
  <testcase name="verifyAuthentication" time="0.003" classname="com.qa.orangehrm.tests.HomePageTest"/>
</testsuite> <!-- Test -->
