<?xml version="1.0" encoding="UTF-8"?>
<!-- Generated by org.testng.reporters.JUnitXMLReporter -->
<testsuite hostname="BobITs-Mac-mini.fios-router.home" ignored="1" name="Command line test" tests="2" failures="0" timestamp="06 Oct 2020 05:30:49 GMT" time="6.46" errors="0">
  <testcase name="verifyHomePageTitle" time="0.004" classname="com.qa.orangehrm.tests.HomePageTest"/>
  <testcase name="verifyLoginPageTitleTest" time="0.003" classname="com.qa.orangehrm.tests.LoginPageTest"/>
  <testcase name="login_Invalid_Creds" time="0.0" classname="com.qa.orangehrm.tests.LoginPageTest">
    <ignored/>
  </testcase> <!-- login_Invalid_Creds -->
</testsuite> <!-- Command line test -->
