<?xml version="1.0" encoding="UTF-8"?>
<!-- Generated by org.testng.reporters.JUnitXMLReporter -->
<testsuite hostname="Bobs-MacBook-Pro.local" ignored="1" name="Orange HRM Regression Tests -- firefox" tests="7" failures="0" timestamp="2020-10-16T15:41:02 EDT" time="27.18" errors="0">
  <testcase name="verifyLoginPageTitleTest" time="0.012" classname="com.qa.orangehrm.tests.LoginPageTest"/>
  <testcase name="verifyHomePageTitle" time="0.019" classname="com.qa.orangehrm.tests.HomePageTest"/>
  <testcase name="verifySignUpLink" time="0.716" classname="com.qa.orangehrm.tests.LoginPageTest"/>
  <testcase name="verifyHomePageHeader" time="0.646" classname="com.qa.orangehrm.tests.HomePageTest"/>
  <testcase name="verifyLoggedInUserTest" time="0.601" classname="com.qa.orangehrm.tests.HomePageTest"/>
  <testcase name="loginTest" time="3.848" classname="com.qa.orangehrm.tests.LoginPageTest"/>
  <testcase name="verifyAuthentication" time="0.007" classname="com.qa.orangehrm.tests.HomePageTest"/>
  <testcase name="login_Invalid_Creds" time="0.0" classname="com.qa.orangehrm.tests.LoginPageTest">
    <ignored/>
  </testcase> <!-- login_Invalid_Creds -->
</testsuite> <!-- Orange HRM Regression Tests - firefox -->
