<?xml version="1.0" encoding="UTF-8"?>
<!-- Generated by org.testng.reporters.JUnitXMLReporter -->
<testsuite hostname="BobITs-Mac-mini.fios-router.home" ignored="1" name="Orange HRM Regression Tests" tests="7" failures="0" timestamp="2020-10-06T08:27:04 EDT" time="32.228" errors="0">
  <testcase name="verifyLoginPageTitleTest" time="0.008" classname="com.qa.orangehrm.tests.LoginPageTest"/>
  <testcase name="verifySignUpLink" time="0.6" classname="com.qa.orangehrm.tests.LoginPageTest"/>
  <testcase name="loginTest" time="4.068" classname="com.qa.orangehrm.tests.LoginPageTest"/>
  <testcase name="verifyHomePageTitle" time="0.003" classname="com.qa.orangehrm.tests.HomePageTest"/>
  <testcase name="verifyHomePageHeader" time="0.574" classname="com.qa.orangehrm.tests.HomePageTest"/>
  <testcase name="verifyLoggedInUserTest" time="0.588" classname="com.qa.orangehrm.tests.HomePageTest"/>
  <testcase name="verifyAuthentication" time="0.003" classname="com.qa.orangehrm.tests.HomePageTest"/>
  <testcase name="login_Invalid_Creds" time="0.0" classname="com.qa.orangehrm.tests.LoginPageTest">
    <ignored/>
  </testcase> <!-- login_Invalid_Creds -->
</testsuite> <!-- Orange HRM Regression Tests -->
