<?xml version="1.0" encoding="UTF-8"?>
<!-- Generated by org.testng.reporters.JUnitXMLReporter -->
<testsuite hostname="Bobs-MacBook-Pro.local" ignored="1" name="Orange HRM Regression Tests" tests="7" failures="0" timestamp="2020-10-16T14:08:29 EDT" time="37.022" errors="0">
  <testcase name="verifyLoginPageTitleTest" time="0.022" classname="com.qa.orangehrm.tests.LoginPageTest"/>
  <testcase name="verifySignUpLink" time="0.634" classname="com.qa.orangehrm.tests.LoginPageTest"/>
  <testcase name="loginTest" time="4.025" classname="com.qa.orangehrm.tests.LoginPageTest"/>
  <testcase name="verifyHomePageTitle" time="0.007" classname="com.qa.orangehrm.tests.HomePageTest"/>
  <testcase name="verifyHomePageHeader" time="0.61" classname="com.qa.orangehrm.tests.HomePageTest"/>
  <testcase name="verifyLoggedInUserTest" time="0.602" classname="com.qa.orangehrm.tests.HomePageTest"/>
  <testcase name="verifyAuthentication" time="0.009" classname="com.qa.orangehrm.tests.HomePageTest"/>
  <testcase name="login_Invalid_Creds" time="0.0" classname="com.qa.orangehrm.tests.LoginPageTest">
    <ignored/>
  </testcase> <!-- login_Invalid_Creds -->
</testsuite> <!-- Orange HRM Regression Tests -->
