<?xml version="1.0" encoding="UTF-8"?>
<testng-results skipped="0" failed="1" ignored="7" total="8" passed="0">
  <reporter-output>
    <line>
      <![CDATA[<a href='/Users/bobit/Documents/workspace/OrganeHRMPlatform/target/surefire-reports/failure_screenshots/loginTest_06_10_2020_08_42_20.png'> <img src='/Users/bobit/Documents/workspace/OrganeHRMPlatform/target/surefire-reports/failure_screenshots/loginTest_06_10_2020_08_42_20.png' height='100' width='100'/> </a>]]>
    </line>
  </reporter-output>
  <suite name="Orange HRM Smoke Suite" duration-ms="23437" started-at="2020-10-06T08:41:57 EDT" finished-at="2020-10-06T08:42:20 EDT">
    <groups>
    </groups>
    <test name="Orange HRM Smoke Tests" duration-ms="23437" started-at="2020-10-06T08:41:57 EDT" finished-at="2020-10-06T08:42:20 EDT">
      <class name="com.qa.orangehrm.tests.LoginPageTest">
        <test-method status="PASS" signature="setUp()[pri:0, instance:com.qa.orangehrm.tests.LoginPageTest@2f943d71]" name="setUp" is-config="true" duration-ms="2233" started-at="2020-10-06T08:41:57 EDT" finished-at="2020-10-06T08:41:59 EDT">
          <reporter-output>
          </reporter-output>
        </test-method> <!-- setUp -->
        <test-method status="FAIL" signature="loginTest()[pri:3, instance:com.qa.orangehrm.tests.LoginPageTest@2f943d71]" name="loginTest" duration-ms="20762" started-at="2020-10-06T08:41:59 EDT" description="login system with valid username and password" finished-at="2020-10-06T08:42:20 EDT">
          <exception class="java.lang.NullPointerException">
            <full-stacktrace>
              <![CDATA[java.lang.NullPointerException
at com.qa.orangehrm.tests.LoginPageTest.loginTest(LoginPageTest.java:62)
at sun.reflect.NativeMethodAccessorImpl.invoke0(Native Method)
at sun.reflect.NativeMethodAccessorImpl.invoke(NativeMethodAccessorImpl.java:62)
at sun.reflect.DelegatingMethodAccessorImpl.invoke(DelegatingMethodAccessorImpl.java:43)
at java.lang.reflect.Method.invoke(Method.java:498)
at org.testng.internal.MethodInvocationHelper.invokeMethod(MethodInvocationHelper.java:132)
at org.testng.internal.TestInvoker.invokeMethod(TestInvoker.java:599)
at org.testng.internal.TestInvoker.invokeTestMethod(TestInvoker.java:174)
at org.testng.internal.MethodRunner.runInSequence(MethodRunner.java:46)
at org.testng.internal.TestInvoker$MethodInvocationAgent.invoke(TestInvoker.java:822)
at org.testng.internal.TestInvoker.invokeTestMethods(TestInvoker.java:147)
at org.testng.internal.TestMethodWorker.invokeTestMethods(TestMethodWorker.java:146)
at org.testng.internal.TestMethodWorker.run(TestMethodWorker.java:128)
at java.util.ArrayList.forEach(ArrayList.java:1259)
at org.testng.TestRunner.privateRun(TestRunner.java:764)
at org.testng.TestRunner.run(TestRunner.java:585)
at org.testng.SuiteRunner.runTest(SuiteRunner.java:384)
at org.testng.SuiteRunner.runSequentially(SuiteRunner.java:378)
at org.testng.SuiteRunner.privateRun(SuiteRunner.java:337)
at org.testng.SuiteRunner.run(SuiteRunner.java:286)
at org.testng.SuiteRunnerWorker.runSuite(SuiteRunnerWorker.java:53)
at org.testng.SuiteRunnerWorker.run(SuiteRunnerWorker.java:96)
at org.testng.TestNG.runSuitesSequentially(TestNG.java:1218)
at org.testng.TestNG.runSuitesLocally(TestNG.java:1140)
at org.testng.TestNG.runSuites(TestNG.java:1069)
at org.testng.TestNG.run(TestNG.java:1037)
at org.testng.remote.AbstractRemoteTestNG.run(AbstractRemoteTestNG.java:115)
at org.testng.remote.RemoteTestNG.initAndRun(RemoteTestNG.java:251)
at org.testng.remote.RemoteTestNG.main(RemoteTestNG.java:77)
]]>
            </full-stacktrace>
          </exception> <!-- java.lang.NullPointerException -->
          <reporter-output>
            <line>
              <![CDATA[<a href='/Users/bobit/Documents/workspace/OrganeHRMPlatform/target/surefire-reports/failure_screenshots/loginTest_06_10_2020_08_42_20.png'> <img src='/Users/bobit/Documents/workspace/OrganeHRMPlatform/target/surefire-reports/failure_screenshots/loginTest_06_10_2020_08_42_20.png' height='100' width='100'/> </a>]]>
            </line>
          </reporter-output>
        </test-method> <!-- loginTest -->
        <test-method status="PASS" signature="tearDown()[pri:0, instance:com.qa.orangehrm.tests.LoginPageTest@2f943d71]" name="tearDown" is-config="true" duration-ms="79" started-at="2020-10-06T08:42:20 EDT" finished-at="2020-10-06T08:42:20 EDT">
          <reporter-output>
          </reporter-output>
        </test-method> <!-- tearDown -->
      </class> <!-- com.qa.orangehrm.tests.LoginPageTest -->
    </test> <!-- Orange HRM Smoke Tests -->
  </suite> <!-- Orange HRM Smoke Suite -->
</testng-results>
