<?xml version="1.0" encoding="UTF-8"?>
<!-- Generated by org.testng.reporters.JUnitXMLReporter -->
<testsuite hostname="BobITs-Mac-mini.fios-router.home" ignored="6" name="Orange HRM Smoke Tests" tests="1" failures="0" timestamp="2020-10-05T22:01:47 EDT" time="4.631" errors="0">
  <testcase name="loginTest" time="1.238" classname="com.qa.orangehrm.tests.LoginPageTest"/>
  <testcase name="verifyLoginPageTitleTest" time="0.0" classname="com.qa.orangehrm.tests.LoginPageTest">
    <ignored/>
  </testcase> <!-- verifyLoginPageTitleTest -->
  <testcase name="verifyHomePageHeader" time="0.0" classname="com.qa.orangehrm.tests.HomePageTest">
    <ignored/>
  </testcase> <!-- verifyHomePageHeader -->
  <testcase name="verifyHomePageTitle" time="0.0" classname="com.qa.orangehrm.tests.HomePageTest">
    <ignored/>
  </testcase> <!-- verifyHomePageTitle -->
  <testcase name="verifyLoggedInUserTest" time="0.0" classname="com.qa.orangehrm.tests.HomePageTest">
    <ignored/>
  </testcase> <!-- verifyLoggedInUserTest -->
  <testcase name="verifyAuthentication" time="0.0" classname="com.qa.orangehrm.tests.HomePageTest">
    <ignored/>
  </testcase> <!-- verifyAuthentication -->
  <testcase name="verifySignUpLink" time="0.0" classname="com.qa.orangehrm.tests.LoginPageTest">
    <ignored/>
  </testcase> <!-- verifySignUpLink -->
</testsuite> <!-- Orange HRM Smoke Tests -->
